  stdafx.cpp
  Animation.cpp
  Application.cpp
  Background.cpp
  Bridge.cpp
  Cctv.cpp
  Console.cpp
  GameScene.cpp
D:\권수현\sosujungong\게임 예제\Engine\Engine\Object.h(53,11): warning C4244: '=': 'PX'에서 'FLOAT'(으)로 변환하면서 데이터가 손실될 수 있습니다.
          with
          [
              PX=int
          ]
D:\권수현\sosujungong\게임 예제\Engine\Engine\GameScene.cpp(21): message : 컴파일되는 함수 템플릿 인스턴스화 'void Object::setPos<int,int>(PX,PY)'에 대한 참조를 확인하세요.
          with
          [
              PX=int,
              PY=int
          ]
D:\권수현\sosujungong\게임 예제\Engine\Engine\Object.h(54,11): warning C4244: '=': 'PY'에서 'FLOAT'(으)로 변환하면서 데이터가 손실될 수 있습니다.
          with
          [
              PY=int
          ]
  InputManager.cpp
D:\권수현\sosujungong\게임 예제\Engine\Engine\InputManager.cpp(43,27): warning C4244: '인수': 'LONG'에서 'FLOAT'(으)로 변환하면서 데이터가 손실될 수 있습니다.
D:\권수현\sosujungong\게임 예제\Engine\Engine\InputManager.cpp(43,22): warning C4244: '인수': 'LONG'에서 'FLOAT'(으)로 변환하면서 데이터가 손실될 수 있습니다.
  MainScene.cpp
D:\권수현\sosujungong\게임 예제\Engine\Engine\Object.h(53,11): warning C4244: '=': 'PX'에서 'FLOAT'(으)로 변환하면서 데이터가 손실될 수 있습니다.
          with
          [
              PX=int
          ]
D:\권수현\sosujungong\게임 예제\Engine\Engine\MainScene.cpp(7): message : 컴파일되는 함수 템플릿 인스턴스화 'void Object::setPos<int,int>(PX,PY)'에 대한 참조를 확인하세요.
          with
          [
              PX=int,
              PY=int
          ]
D:\권수현\sosujungong\게임 예제\Engine\Engine\Object.h(54,11): warning C4244: '=': 'PY'에서 'FLOAT'(으)로 변환하면서 데이터가 손실될 수 있습니다.
          with
          [
              PY=int
          ]
  Npc.cpp
D:\권수현\sosujungong\게임 예제\Engine\Engine\Object.h(53,11): warning C4244: '=': 'PX'에서 'FLOAT'(으)로 변환하면서 데이터가 손실될 수 있습니다.
          with
          [
              PX=double
          ]
D:\권수현\sosujungong\게임 예제\Engine\Engine\Npc.cpp(61): message : 컴파일되는 함수 템플릿 인스턴스화 'void Object::setPos<double,float>(PX,PY)'에 대한 참조를 확인하세요.
          with
          [
              PX=double,
              PY=float
          ]
  Number.cpp
  Object.cpp
D:\권수현\sosujungong\게임 예제\Engine\Engine\Object.cpp(58,18): warning C4244: '+=': 'FLOAT'에서 'LONG'(으)로 변환하면서 데이터가 손실될 수 있습니다.
D:\권수현\sosujungong\게임 예제\Engine\Engine\Object.cpp(59,19): warning C4244: '+=': 'FLOAT'에서 'LONG'(으)로 변환하면서 데이터가 손실될 수 있습니다.
D:\권수현\sosujungong\게임 예제\Engine\Engine\Object.cpp(60,17): warning C4244: '+=': 'FLOAT'에서 'LONG'(으)로 변환하면서 데이터가 손실될 수 있습니다.
D:\권수현\sosujungong\게임 예제\Engine\Engine\Object.cpp(61,20): warning C4244: '+=': 'FLOAT'에서 'LONG'(으)로 변환하면서 데이터가 손실될 수 있습니다.
D:\권수현\sosujungong\게임 예제\Engine\Engine\Object.cpp(63,30): warning C4244: '+=': 'float'에서 'LONG'(으)로 변환하면서 데이터가 손실될 수 있습니다.
D:\권수현\sosujungong\게임 예제\Engine\Engine\Object.cpp(64,31): warning C4244: '+=': 'float'에서 'LONG'(으)로 변환하면서 데이터가 손실될 수 있습니다.
D:\권수현\sosujungong\게임 예제\Engine\Engine\Object.cpp(65,29): warning C4244: '+=': 'float'에서 'LONG'(으)로 변환하면서 데이터가 손실될 수 있습니다.
D:\권수현\sosujungong\게임 예제\Engine\Engine\Object.cpp(66,32): warning C4244: '+=': 'float'에서 'LONG'(으)로 변환하면서 데이터가 손실될 수 있습니다.
  Obstacle.cpp
  Player.cpp
D:\권수현\sosujungong\게임 예제\Engine\Engine\Player.cpp(8,15): warning C4305: '=': 'double'에서 'float'(으)로 잘립니다.
D:\권수현\sosujungong\게임 예제\Engine\Engine\Object.h(54,11): warning C4244: '=': 'PY'에서 'FLOAT'(으)로 변환하면서 데이터가 손실될 수 있습니다.
          with
          [
              PY=int
          ]
D:\권수현\sosujungong\게임 예제\Engine\Engine\Player.cpp(42): message : 컴파일되는 함수 템플릿 인스턴스화 'void Object::setPos<float,int>(PX,PY)'에 대한 참조를 확인하세요.
          with
          [
              PX=float,
              PY=int
          ]
  Scene.cpp
  SceneManager.cpp
  Sprite.cpp
  TextureManager.cpp
  main.cpp
  코드를 생성하고 있습니다.
  2 of 601 functions ( 0.3%) were compiled, the rest were copied from previous compilation.
    0 functions were new in current compilation
    0 functions had inline decision re-evaluated but remain unchanged
  코드를 생성했습니다.
  Engine.vcxproj -> D:\권수현\sosujungong\게임 예제\Engine\Release\Engine.exe
